[ 2023-11-21 13:51:36,712 ] 22 root - INFO - data ingestion methods starts
[ 2023-11-21 13:51:36,746 ] 25 root - INFO - Dataset read as pandas Dataframe
[ 2023-11-21 13:51:36,868 ] 37 root - INFO - EDA Completed performing ingestion
[ 2023-11-21 13:51:37,033 ] 41 root - INFO - Train test split
[ 2023-11-21 13:51:37,194 ] 48 root - INFO - Ingestion of data completed
[ 2023-11-21 13:51:37,300 ] 77 root - INFO - Read train and test data completed
[ 2023-11-21 13:51:37,315 ] 78 root - INFO - Train Dataframe Head : 
   year  selling_price  km_driven    fuel       seller_type transmission        owner  mileage  engine  max_power  seats
0  2017         650000      40000  Petrol        Individual       Manual  First Owner    18.60  1197.0      81.83    5.0
1  2017         700000      35000  Petrol        Individual       Manual  First Owner    17.50  1373.0      91.10    7.0
2  2016        2000000      68089  Petrol  Trustmark Dealer    Automatic  First Owner    19.16  2494.0     157.70    5.0
3  2019         380000      14000  Petrol        Individual    Automatic  First Owner    23.95   998.0      67.05    5.0
4  2017         450000      56290  Diesel            Dealer       Manual  First Owner    24.00  1186.0      73.97    5.0
[ 2023-11-21 13:51:37,345 ] 79 root - INFO - Test Dataframe Head  : 
   year  selling_price  km_driven    fuel seller_type transmission         owner  mileage  engine  max_power  seats
0  2018         700000      30000  Petrol  Individual       Manual  Second Owner    18.60  1197.0      81.83    5.0
1  2015        1050000      90000  Diesel  Individual       Manual   First Owner    15.40  2179.0     120.00    7.0
2  2017        1650000      50000  Diesel  Individual       Manual   First Owner    17.10  1956.0     170.00    5.0
3  2018        1180000       5500  Petrol  Individual       Manual   First Owner    17.40  1497.0     117.60    5.0
4  2017        3100000      70000  Diesel  Individual    Automatic   First Owner    15.04  2755.0     174.50    7.0
[ 2023-11-21 13:51:37,345 ] 81 root - INFO - Obtaining preprocessing object
[ 2023-11-21 13:51:37,345 ] 26 root - INFO - Data Transformation initiated
[ 2023-11-21 13:51:37,345 ] 36 root - INFO - Pipeline Initiated
[ 2023-11-21 13:51:37,345 ] 119 root - INFO - Exception occured in the initiate_datatransformation
