[ 2023-11-24 13:31:27,587 ] 22 root - INFO - data ingestion methods starts
[ 2023-11-24 13:31:27,642 ] 25 root - INFO - Dataset read as pandas Dataframe
[ 2023-11-24 13:31:27,806 ] 37 root - INFO - EDA Completed performing ingestion
[ 2023-11-24 13:31:27,895 ] 41 root - INFO - Train test split
[ 2023-11-24 13:31:28,008 ] 48 root - INFO - Ingestion of data completed
[ 2023-11-24 13:31:28,054 ] 77 root - INFO - Read train and test data completed
[ 2023-11-24 13:31:28,077 ] 78 root - INFO - Train Dataframe Head : 
   year  selling_price  km_driven    fuel seller_type transmission         owner  mileage  engine  max_power  seats
0  2015         525000      63000  Diesel      Dealer       Manual   First Owner     27.3  1498.0      98.60    5.0
1  2018         850000       7800  Petrol  Individual       Manual   First Owner     17.5  1199.0      88.70    5.0
2  2014         330000      30000  Petrol  Individual       Manual  Second Owner     18.5  1197.0      82.85    5.0
3  2017        2625000       9000  Diesel      Dealer    Automatic   First Owner     13.6  1999.0     177.00    5.0
4  2009         125000      60000  Petrol  Individual       Manual   Third Owner     19.7   796.0      46.30    5.0
[ 2023-11-24 13:31:28,081 ] 79 root - INFO - Test Dataframe Head  : 
   year  selling_price  km_driven    fuel seller_type transmission         owner  mileage  engine  max_power  seats
0  2016         295000      60000  Petrol  Individual       Manual   First Owner    25.17   799.0      53.30    5.0
1  2013         370000      90000  Diesel  Individual       Manual  Second Owner    22.90  1248.0      74.00    5.0
2  2006         160000      70000  Petrol  Individual       Manual  Second Owner    16.90  1497.0     100.00    5.0
3  2012         350000     105000  Diesel  Individual       Manual  Second Owner    19.01  1461.0     108.45    5.0
4  2017        3200000      45000  Diesel      Dealer    Automatic   First Owner    19.33  1999.0     177.00    5.0
[ 2023-11-24 13:31:28,081 ] 81 root - INFO - Obtaining preprocessing object
[ 2023-11-24 13:31:28,081 ] 26 root - INFO - Data Transformation initiated
[ 2023-11-24 13:31:28,081 ] 36 root - INFO - Pipeline Initiated
[ 2023-11-24 13:31:28,081 ] 119 root - INFO - Exception occured in the initiate_datatransformation
