[ 2023-11-26 19:41:12,750 ] 22 root - INFO - data ingestion methods starts
[ 2023-11-26 19:41:12,782 ] 25 root - INFO - Dataset read as pandas Dataframe
[ 2023-11-26 19:41:12,844 ] 37 root - INFO - EDA Completed performing ingestion
[ 2023-11-26 19:41:12,988 ] 41 root - INFO - Train test split
[ 2023-11-26 19:41:13,072 ] 48 root - INFO - Ingestion of data completed
[ 2023-11-26 19:41:13,103 ] 77 root - INFO - Read train and test data completed
[ 2023-11-26 19:41:13,118 ] 78 root - INFO - Train Dataframe Head : 
   year  selling_price  km_driven    fuel seller_type transmission         owner  mileage  engine  max_power  seats
0  2016         500000      30000  Diesel  Individual       Manual   First Owner    27.30  1498.0      98.60    5.0
1  2020        1050000      20000  Diesel  Individual       Manual   First Owner    22.10  1396.0      88.70    5.0
2  2013         280000      80000  Diesel  Individual       Manual   First Owner    21.02  1248.0      88.76    5.0
3  2004          80000     248200  Diesel  Individual       Manual  Second Owner    16.10  1405.0      70.00    5.0
4  2008         120000     110000     CNG  Individual       Manual   Third Owner    13.20  1495.0      94.00    5.0
[ 2023-11-26 19:41:13,136 ] 79 root - INFO - Test Dataframe Head  : 
   year  selling_price  km_driven    fuel seller_type transmission         owner  mileage  engine  max_power  seats
0  2016         850000     100000  Diesel  Individual       Manual   First Owner    24.30  1248.0       88.5    5.0
1  2011         140000      72000  Petrol  Individual       Manual  Second Owner    19.70   796.0       46.3    5.0
2  2007         626000      80000  Diesel  Individual       Manual  Second Owner    12.80  2494.0      102.0    7.0
3  2014         200000      40000  Petrol  Individual       Manual   Third Owner    22.74   796.0       47.3    5.0
4  2017         850000      30000  Petrol      Dealer    Automatic   First Owner    15.40  1497.0      117.3    7.0
[ 2023-11-26 19:41:13,137 ] 81 root - INFO - Obtaining preprocessing object
[ 2023-11-26 19:41:13,137 ] 26 root - INFO - Data Transformation initiated
[ 2023-11-26 19:41:13,137 ] 36 root - INFO - Pipeline Initiated
[ 2023-11-26 19:41:13,137 ] 119 root - INFO - Exception occured in the initiate_datatransformation
