[ 2023-11-19 20:43:59,445 ] 22 root - INFO - data ingestion methods starts
[ 2023-11-19 20:43:59,510 ] 25 root - INFO - Dataset read as pandas Dataframe
[ 2023-11-19 20:43:59,605 ] 37 root - INFO - EDA Completed performing ingestion
[ 2023-11-19 20:43:59,700 ] 41 root - INFO - Train test split
[ 2023-11-19 20:43:59,844 ] 48 root - INFO - Ingestion of data completed
[ 2023-11-19 20:43:59,912 ] 77 root - INFO - Read train and test data completed
[ 2023-11-19 20:43:59,932 ] 78 root - INFO - Train Dataframe Head : 
   year  selling_price  km_driven    fuel seller_type transmission           owner  mileage  engine  max_power  seats
0  2018         560000      14495  Petrol      Dealer       Manual     First Owner    18.78   999.0      75.00    5.0
1  2019        1350000       5400  Diesel      Dealer       Manual  Test Drive Car    22.27  1498.0     108.60    5.0
2  2016         540000      20000  Petrol  Individual       Manual     First Owner    20.40  1197.0      81.80    5.0
3  2013         200000     120000  Diesel  Individual       Manual    Second Owner    19.09  1405.0      69.01    5.0
4  2019        3800000      20000  Diesel  Individual    Automatic     First Owner    18.00  1969.0     190.00    5.0
[ 2023-11-19 20:43:59,942 ] 79 root - INFO - Test Dataframe Head  : 
   year  selling_price  km_driven    fuel seller_type transmission         owner  mileage  engine  max_power  seats
0  2018         285000      22000  Petrol  Individual       Manual   First Owner    24.70   796.0      47.30    5.0
1  2018         851000      50000  Diesel  Individual    Automatic   First Owner    28.40  1248.0      74.02    5.0
2  2019        1050000      27000  Diesel  Individual       Manual   First Owner    21.38  1396.0      88.70    5.0
3  2013         409999      90000  Diesel  Individual       Manual  Second Owner    22.90  1248.0      74.00    5.0
4  1997          50000     120000  Petrol  Individual       Manual  Second Owner    16.10   796.0      37.00    4.0
[ 2023-11-19 20:43:59,942 ] 81 root - INFO - Obtaining preprocessing object
[ 2023-11-19 20:43:59,943 ] 26 root - INFO - Data Transformation initiated
[ 2023-11-19 20:43:59,943 ] 36 root - INFO - Pipeline Initiated
[ 2023-11-19 20:43:59,944 ] 119 root - INFO - Exception occured in the initiate_datatransformation
