[ 2023-11-24 13:09:31,065 ] 22 root - INFO - data ingestion methods starts
[ 2023-11-24 13:09:31,127 ] 25 root - INFO - Dataset read as pandas Dataframe
[ 2023-11-24 13:09:31,214 ] 37 root - INFO - EDA Completed performing ingestion
[ 2023-11-24 13:09:31,302 ] 41 root - INFO - Train test split
[ 2023-11-24 13:09:31,414 ] 48 root - INFO - Ingestion of data completed
[ 2023-11-24 13:09:31,458 ] 77 root - INFO - Read train and test data completed
[ 2023-11-24 13:09:31,480 ] 78 root - INFO - Train Dataframe Head : 
   year  selling_price  km_driven    fuel seller_type transmission         owner  mileage  engine  max_power  seats
0  2015         360000      40000  Petrol  Individual       Manual  Second Owner    23.10   998.0      67.04    5.0
1  2015         600000      90000  Diesel  Individual       Manual   Third Owner    20.77  1248.0      88.76    7.0
2  2009         160000      35000  Petrol  Individual       Manual   First Owner    19.81  1086.0      68.05    5.0
3  2010         275000      50000     LPG  Individual       Manual   First Owner    26.20   998.0      58.20    5.0
4  2018        1265000      12000  Diesel  Individual       Manual   First Owner    20.37  1461.0     108.45    5.0
[ 2023-11-24 13:09:31,494 ] 79 root - INFO - Test Dataframe Head  : 
   year  selling_price  km_driven    fuel seller_type transmission        owner  mileage  engine  max_power  seats
0  2009         175000      55500  Petrol      Dealer       Manual  First Owner    18.20   998.0       67.1    5.0
1  2019        5500000       8500  Diesel      Dealer    Automatic  First Owner    16.78  1995.0      190.0    5.0
2  2018        2475000       2000  Diesel      Dealer    Automatic  First Owner    16.80  1984.0      150.0    5.0
3  2018         751000      44885  Diesel      Dealer       Manual  First Owner    26.59  1248.0       74.0    5.0
4  2013         600000      60000  Diesel  Individual       Manual  First Owner    12.05  2179.0      120.0    8.0
[ 2023-11-24 13:09:31,494 ] 81 root - INFO - Obtaining preprocessing object
[ 2023-11-24 13:09:31,494 ] 26 root - INFO - Data Transformation initiated
[ 2023-11-24 13:09:31,494 ] 36 root - INFO - Pipeline Initiated
[ 2023-11-24 13:09:31,494 ] 119 root - INFO - Exception occured in the initiate_datatransformation
