[ 2023-11-19 20:00:42,777 ] 22 root - INFO - data ingestion methods starts
[ 2023-11-19 20:00:42,823 ] 25 root - INFO - Dataset read as pandas Dataframe
[ 2023-11-19 20:00:42,943 ] 37 root - INFO - EDA Completed performing ingestion
[ 2023-11-19 20:00:43,108 ] 41 root - INFO - Train test split
[ 2023-11-19 20:00:43,246 ] 48 root - INFO - Ingestion of data completed
[ 2023-11-19 20:00:43,345 ] 77 root - INFO - Read train and test data completed
[ 2023-11-19 20:00:43,363 ] 78 root - INFO - Train Dataframe Head : 
   year  selling_price  km_driven    fuel seller_type transmission        owner  mileage  engine  max_power  seats
0  2011         204999      60000  Petrol  Individual       Manual  First Owner    19.00   998.0      66.10    5.0
1  2016        2150000      30000  Diesel      Dealer    Automatic  First Owner    22.69  1995.0     190.00    5.0
2  2018         900000      25000  Petrol  Individual       Manual  First Owner    19.34  1462.0     103.00    7.0
3  2016         300000      90000  Petrol  Individual       Manual  First Owner    23.84  1199.0      84.00    5.0
4  2019        5150000      20000  Petrol      Dealer    Automatic  First Owner    22.37  2487.0     214.56    5.0
[ 2023-11-19 20:00:43,404 ] 79 root - INFO - Test Dataframe Head  : 
   year  selling_price  km_driven    fuel seller_type transmission         owner  mileage  engine  max_power  seats
0  2016         400000      35000  Diesel  Individual       Manual  Second Owner    27.28  1047.0      69.00    5.0
1  2019        3800000      20000  Diesel  Individual    Automatic   First Owner    18.00  1969.0     190.00    5.0
2  2012         300000     120000  Diesel  Individual       Manual   First Owner    25.00  1396.0      69.00    5.0
3  2016         360000      50000     CNG  Individual       Manual   First Owner    26.60   998.0      58.16    5.0
4  2015        1225000      39000  Diesel      Dealer       Manual   First Owner    16.00  2179.0     140.00    7.0
[ 2023-11-19 20:00:43,404 ] 81 root - INFO - Obtaining preprocessing object
[ 2023-11-19 20:00:43,404 ] 26 root - INFO - Data Transformation initiated
[ 2023-11-19 20:00:43,404 ] 36 root - INFO - Pipeline Initiated
[ 2023-11-19 20:00:43,406 ] 119 root - INFO - Exception occured in the initiate_datatransformation
