[ 2023-11-24 13:33:31,936 ] 22 root - INFO - data ingestion methods starts
[ 2023-11-24 13:33:31,965 ] 25 root - INFO - Dataset read as pandas Dataframe
[ 2023-11-24 13:33:32,079 ] 37 root - INFO - EDA Completed performing ingestion
[ 2023-11-24 13:33:32,165 ] 41 root - INFO - Train test split
[ 2023-11-24 13:33:32,262 ] 48 root - INFO - Ingestion of data completed
[ 2023-11-24 13:33:32,300 ] 77 root - INFO - Read train and test data completed
[ 2023-11-24 13:33:32,321 ] 78 root - INFO - Train Dataframe Head : 
   year  selling_price  km_driven    fuel seller_type transmission        owner  mileage  engine  max_power  seats
0  2016         420000      70000  Diesel  Individual       Manual  First Owner    18.20  1248.0      73.74    7.0
1  2018         650000      50000  Diesel  Individual       Manual  First Owner    28.40  1248.0      74.02    5.0
2  2012         960000     153000  Diesel  Individual       Manual  First Owner    12.80  2494.0     102.00    8.0
3  2015         600000      90000  Diesel  Individual       Manual  First Owner    22.77  1498.0      98.59    5.0
4  2016         850000     100000  Diesel  Individual       Manual  First Owner    24.30  1248.0      88.50    5.0
[ 2023-11-24 13:33:32,349 ] 79 root - INFO - Test Dataframe Head  : 
   year  selling_price  km_driven    fuel seller_type transmission         owner  mileage  engine  max_power  seats
0  2007         150000      70000  Petrol  Individual       Manual   Third Owner    18.20  1061.0      64.00    5.0
1  2018         655000      20000  Petrol  Individual       Manual   First Owner    18.60  1197.0      81.83    5.0
2  2013         450000     100000  Petrol  Individual    Automatic  Second Owner    15.74  1591.0     121.30    5.0
3  2016        1516000     120000  Diesel  Individual    Automatic   First Owner    11.36  2755.0     171.50    7.0
4  2017         254999      34000  Petrol  Individual       Manual   First Owner    21.10   814.0      55.20    5.0
[ 2023-11-24 13:33:32,349 ] 81 root - INFO - Obtaining preprocessing object
[ 2023-11-24 13:33:32,349 ] 26 root - INFO - Data Transformation initiated
[ 2023-11-24 13:33:32,349 ] 36 root - INFO - Pipeline Initiated
[ 2023-11-24 13:33:32,349 ] 119 root - INFO - Exception occured in the initiate_datatransformation
