[ 2023-11-21 12:51:50,953 ] 22 root - INFO - data ingestion methods starts
[ 2023-11-21 12:51:50,968 ] 25 root - INFO - Dataset read as pandas Dataframe
[ 2023-11-21 12:51:51,031 ] 37 root - INFO - EDA Completed performing ingestion
[ 2023-11-21 12:51:51,095 ] 41 root - INFO - Train test split
[ 2023-11-21 12:51:51,153 ] 48 root - INFO - Ingestion of data completed
[ 2023-11-21 12:51:51,188 ] 77 root - INFO - Read train and test data completed
[ 2023-11-21 12:51:51,191 ] 78 root - INFO - Train Dataframe Head : 
   year  selling_price  km_driven    fuel seller_type transmission         owner  mileage  engine  max_power  seats
0  2016        2375000      30000  Diesel      Dealer    Automatic   First Owner    15.73  1968.0     174.33    5.0
1  2015         760000      70000  Diesel  Individual       Manual   Third Owner    25.10  1498.0      98.60    5.0
2  2017         400000      65000  Petrol  Individual       Manual  Second Owner    20.51   998.0      67.04    5.0
3  2018         600000      69779  Petrol      Dealer    Automatic   First Owner    22.00  1197.0      81.80    5.0
4  2016         300000      25000  Petrol  Individual       Manual   First Owner    22.74   796.0      47.30    5.0
[ 2023-11-21 12:51:51,191 ] 79 root - INFO - Test Dataframe Head  : 
   year  selling_price  km_driven    fuel seller_type transmission         owner  mileage  engine  max_power  seats
0  2018         350000      30000  Petrol  Individual       Manual   First Owner    25.17   799.0      53.30    5.0
1  2000          75000      90000  Diesel  Individual       Manual  Second Owner    12.80  1489.0      35.50    5.0
2  2017         282000      15000  Petrol  Individual       Manual   First Owner    24.70   796.0      47.30    5.0
3  2017         680000      40000  Diesel  Individual       Manual   First Owner    28.40  1248.0      74.02    5.0
4  2009         350000      54290  Petrol      Dealer       Manual   First Owner    17.00  1497.0     118.00    5.0
[ 2023-11-21 12:51:51,191 ] 81 root - INFO - Obtaining preprocessing object
[ 2023-11-21 12:51:51,207 ] 26 root - INFO - Data Transformation initiated
[ 2023-11-21 12:51:51,207 ] 36 root - INFO - Pipeline Initiated
[ 2023-11-21 12:51:51,207 ] 119 root - INFO - Exception occured in the initiate_datatransformation
