[ 2023-11-24 13:40:42,873 ] 22 root - INFO - data ingestion methods starts
[ 2023-11-24 13:40:42,941 ] 25 root - INFO - Dataset read as pandas Dataframe
[ 2023-11-24 13:40:43,097 ] 37 root - INFO - EDA Completed performing ingestion
[ 2023-11-24 13:40:43,224 ] 41 root - INFO - Train test split
[ 2023-11-24 13:40:43,335 ] 48 root - INFO - Ingestion of data completed
[ 2023-11-24 13:40:43,387 ] 77 root - INFO - Read train and test data completed
[ 2023-11-24 13:40:43,397 ] 78 root - INFO - Train Dataframe Head : 
   year  selling_price  km_driven    fuel seller_type transmission         owner  mileage  engine  max_power  seats
0  2015        1000000     133000  Diesel  Individual       Manual  Second Owner    15.40  2179.0     120.00    7.0
1  2014         700000     117000  Diesel      Dealer       Manual   First Owner    22.32  1582.0     126.32    5.0
2  2017         813000     110000  Diesel  Individual       Manual   First Owner    24.30  1248.0      88.50    5.0
3  2010         210000      20000  Petrol  Individual       Manual   First Owner    19.81  1086.0      68.05    5.0
4  2014         675000     120000  Diesel  Individual       Manual   First Owner    12.05  2179.0     120.00    7.0
[ 2023-11-24 13:40:43,432 ] 79 root - INFO - Test Dataframe Head  : 
   year  selling_price  km_driven    fuel       seller_type transmission         owner  mileage  engine  max_power  seats
0  2014         500000     120000  Diesel        Individual       Manual   First Owner    20.45  1461.0      83.80    5.0
1  2016        2000000      68089  Petrol  Trustmark Dealer    Automatic   First Owner    19.16  2494.0     157.70    5.0
2  2017         625000      25538  Petrol  Trustmark Dealer       Manual   First Owner    16.78  1496.0      88.73    5.0
3  2015         625000      30000  Diesel        Individual       Manual   First Owner    26.00  1498.0      98.60    5.0
4  2010         310000     120000  Diesel        Individual       Manual  Second Owner    19.30  1248.0      73.90    5.0
[ 2023-11-24 13:40:43,432 ] 81 root - INFO - Obtaining preprocessing object
[ 2023-11-24 13:40:43,432 ] 26 root - INFO - Data Transformation initiated
[ 2023-11-24 13:40:43,432 ] 36 root - INFO - Pipeline Initiated
[ 2023-11-24 13:40:43,432 ] 119 root - INFO - Exception occured in the initiate_datatransformation
