[ 2023-11-19 19:21:22,946 ] 22 root - INFO - data ingestion methods starts
[ 2023-11-19 19:21:23,013 ] 25 root - INFO - Dataset read as pandas Dataframe
[ 2023-11-19 19:21:23,240 ] 37 root - INFO - EDA Completed performing ingestion
[ 2023-11-19 19:21:23,403 ] 41 root - INFO - Train test split
[ 2023-11-19 19:21:23,554 ] 48 root - INFO - Ingestion of data completed
[ 2023-11-19 19:21:23,618 ] 77 root - INFO - Read train and test data completed
[ 2023-11-19 19:21:23,631 ] 78 root - INFO - Train Dataframe Head : 
   year  selling_price  km_driven    fuel seller_type transmission         owner  mileage  engine  max_power  seats
0  2014         250000      25000  Petrol  Individual       Manual   First Owner    22.74   796.0       47.3    5.0
1  2010         200000      65000  Petrol  Individual       Manual   First Owner    18.90  1061.0       67.0    5.0
2  2007         150000      80000  Petrol  Individual       Manual   Third Owner    19.70   796.0       46.3    5.0
3  2010         360000     120000  Diesel  Individual       Manual  Second Owner    17.80  1248.0       75.0    5.0
4  2011         165000      70000  Petrol  Individual       Manual   First Owner    18.00   995.0       62.0    5.0
[ 2023-11-19 19:21:23,667 ] 79 root - INFO - Test Dataframe Head  : 
   year  selling_price  km_driven    fuel seller_type transmission         owner  mileage  engine  max_power  seats
0  2012         190000     100000  Petrol  Individual       Manual   First Owner    21.10   814.0      55.20    5.0
1  2016         260000      65000  Petrol  Individual       Manual  Second Owner    22.74   796.0      47.30    5.0
2  2012         175000      90000  Diesel  Individual       Manual  Second Owner    15.42  1405.0      70.00    7.0
3  2018         795000       2860  Diesel      Dealer       Manual   First Owner    23.80  1499.0      98.97    5.0
4  2006         100000     110000  Diesel  Individual       Manual   Third Owner    16.80  1405.0      62.00    5.0
[ 2023-11-19 19:21:23,667 ] 81 root - INFO - Obtaining preprocessing object
[ 2023-11-19 19:21:23,667 ] 26 root - INFO - Data Transformation initiated
[ 2023-11-19 19:21:23,667 ] 36 root - INFO - Pipeline Initiated
[ 2023-11-19 19:21:23,668 ] 119 root - INFO - Exception occured in the initiate_datatransformation
