[ 2023-11-19 19:37:02,750 ] 22 root - INFO - data ingestion methods starts
[ 2023-11-19 19:37:02,790 ] 25 root - INFO - Dataset read as pandas Dataframe
[ 2023-11-19 19:37:02,889 ] 37 root - INFO - EDA Completed performing ingestion
[ 2023-11-19 19:37:02,973 ] 41 root - INFO - Train test split
[ 2023-11-19 19:37:03,188 ] 48 root - INFO - Ingestion of data completed
[ 2023-11-19 19:37:03,232 ] 77 root - INFO - Read train and test data completed
[ 2023-11-19 19:37:03,243 ] 78 root - INFO - Train Dataframe Head : 
   year  selling_price  km_driven    fuel seller_type transmission         owner  mileage  engine  max_power  seats
0  2017         650000      35000  Diesel  Individual       Manual  Second Owner    27.39  1248.0      74.00    5.0
1  2014         550000      11500  Diesel  Individual       Manual   First Owner    15.96  2523.0      63.00    9.0
2  2015         571000      68000  Diesel  Individual       Manual  Second Owner    20.77  1248.0      88.76    7.0
3  2013         450000     120000  Diesel  Individual       Manual  Second Owner    22.90  1248.0      74.00    5.0
4  2010         320000     100000  Petrol  Individual       Manual   Third Owner    16.20  1599.0     103.20    5.0
[ 2023-11-19 19:37:03,277 ] 79 root - INFO - Test Dataframe Head  : 
   year  selling_price  km_driven    fuel seller_type transmission         owner  mileage  engine  max_power  seats
0  2014         229999      30000  Petrol  Individual       Manual  Second Owner    22.74   796.0      47.30    5.0
1  2018         600000      69779  Petrol      Dealer    Automatic   First Owner    22.00  1197.0      81.80    5.0
2  2017         620000      25000  Petrol  Individual       Manual   First Owner    18.60  1197.0      81.83    5.0
3  2018         450000      20000  Petrol  Individual       Manual   First Owner    18.15  1198.0      82.00    6.0
4  2017         600000      19000  Petrol  Individual       Manual   First Owner    17.19  1197.0      81.86    5.0
[ 2023-11-19 19:37:03,277 ] 81 root - INFO - Obtaining preprocessing object
[ 2023-11-19 19:37:03,278 ] 26 root - INFO - Data Transformation initiated
[ 2023-11-19 19:37:03,278 ] 36 root - INFO - Pipeline Initiated
[ 2023-11-19 19:37:03,278 ] 119 root - INFO - Exception occured in the initiate_datatransformation
