[ 2023-11-26 13:14:33,837 ] 22 root - INFO - data ingestion methods starts
[ 2023-11-26 13:14:33,884 ] 25 root - INFO - Dataset read as pandas Dataframe
[ 2023-11-26 13:14:33,977 ] 37 root - INFO - EDA Completed performing ingestion
[ 2023-11-26 13:14:34,105 ] 41 root - INFO - Train test split
[ 2023-11-26 13:14:34,261 ] 48 root - INFO - Ingestion of data completed
[ 2023-11-26 13:14:34,365 ] 77 root - INFO - Read train and test data completed
[ 2023-11-26 13:14:34,365 ] 78 root - INFO - Train Dataframe Head : 
   year  selling_price  km_driven    fuel seller_type transmission         owner  mileage  engine  max_power  seats
0  2013         400000      70000  Petrol  Individual       Manual   First Owner     18.5  1197.0      82.85    5.0
1  2006         180000     120000  Petrol  Individual       Manual  Second Owner     17.7  1497.0      78.00    5.0
2  2014         250000      80000  Petrol  Individual       Manual   First Owner     21.1   814.0      55.20    5.0
3  2018         600000      40000  Petrol  Individual       Manual   First Owner     19.0  1197.0      85.80    5.0
4  2012         300000      85000  Petrol  Individual       Manual  Second Owner     15.6  1196.0      70.00    5.0
[ 2023-11-26 13:14:34,381 ] 79 root - INFO - Test Dataframe Head  : 
   year  selling_price  km_driven    fuel seller_type transmission         owner  mileage  engine  max_power  seats
0  2018         750000      35000  Diesel  Individual       Manual   First Owner    27.39  1248.0      74.00    5.0
1  2020         475000      13000  Petrol  Individual       Manual   First Owner    21.63   998.0      67.04    5.0
2  2018         740000      38817  Diesel      Dealer       Manual   First Owner    27.39  1248.0      74.00    5.0
3  2012         416000      90000  Diesel  Individual       Manual  Second Owner    22.90  1248.0      74.00    5.0
4  2017         500000      43000  Petrol  Individual       Manual   First Owner    20.85  1197.0      83.14    5.0
[ 2023-11-26 13:14:34,381 ] 81 root - INFO - Obtaining preprocessing object
[ 2023-11-26 13:14:34,381 ] 26 root - INFO - Data Transformation initiated
[ 2023-11-26 13:14:34,381 ] 36 root - INFO - Pipeline Initiated
[ 2023-11-26 13:14:34,381 ] 119 root - INFO - Exception occured in the initiate_datatransformation
