[ 2023-11-21 14:16:11,909 ] 22 root - INFO - data ingestion methods starts
[ 2023-11-21 14:16:11,962 ] 25 root - INFO - Dataset read as pandas Dataframe
[ 2023-11-21 14:16:12,124 ] 37 root - INFO - EDA Completed performing ingestion
[ 2023-11-21 14:16:12,316 ] 41 root - INFO - Train test split
[ 2023-11-21 14:16:12,491 ] 48 root - INFO - Ingestion of data completed
[ 2023-11-21 14:16:12,585 ] 77 root - INFO - Read train and test data completed
[ 2023-11-21 14:16:12,602 ] 78 root - INFO - Train Dataframe Head : 
   year  selling_price  km_driven    fuel seller_type transmission         owner  mileage  engine  max_power  seats
0  2016         500000      40000  Petrol  Individual       Manual   First Owner    20.85  1197.0      83.14    5.0
1  2016         330000      63000  Diesel  Individual       Manual   Third Owner    24.00  1120.0      70.00    5.0
2  2008         425000     250000  Diesel  Individual       Manual   Third Owner    12.80  2494.0     102.00    8.0
3  2011         272000      40736  Petrol      Dealer    Automatic   First Owner    16.95  1197.0      78.90    5.0
4  2015        2051000      35000  Diesel      Dealer    Automatic  Second Owner    19.70  2143.0     134.10    5.0
[ 2023-11-21 14:16:12,626 ] 79 root - INFO - Test Dataframe Head  : 
   year  selling_price  km_driven    fuel seller_type transmission                 owner  mileage  engine  max_power  seats
0  2018         455000     100000  Petrol  Individual       Manual          Second Owner    19.00  1197.0       85.8    5.0
1  2018         400000      15000  Petrol  Individual       Manual           First Owner    18.15  1198.0       82.0    6.0
2  2011         215000     120000  Diesel  Individual       Manual           First Owner    20.00  1399.0       68.0    5.0
3  2012         320000      70000  Petrol  Individual       Manual          Second Owner    16.95  1498.0       97.7    5.0
4  2000          95000     120000  Diesel  Individual       Manual  Fourth & Above Owner    12.20  1948.0       68.0   10.0
[ 2023-11-21 14:16:12,626 ] 81 root - INFO - Obtaining preprocessing object
[ 2023-11-21 14:16:12,626 ] 26 root - INFO - Data Transformation initiated
[ 2023-11-21 14:16:12,626 ] 36 root - INFO - Pipeline Initiated
[ 2023-11-21 14:16:12,626 ] 119 root - INFO - Exception occured in the initiate_datatransformation
