[ 2023-11-26 19:24:37,149 ] 22 root - INFO - data ingestion methods starts
[ 2023-11-26 19:24:37,165 ] 25 root - INFO - Dataset read as pandas Dataframe
[ 2023-11-26 19:24:37,211 ] 37 root - INFO - EDA Completed performing ingestion
[ 2023-11-26 19:24:37,258 ] 41 root - INFO - Train test split
[ 2023-11-26 19:24:37,321 ] 48 root - INFO - Ingestion of data completed
[ 2023-11-26 19:24:37,352 ] 77 root - INFO - Read train and test data completed
[ 2023-11-26 19:24:37,352 ] 78 root - INFO - Train Dataframe Head : 
   year  selling_price  km_driven    fuel seller_type transmission         owner  mileage  engine  max_power  seats
0  2012         570000     100000  Diesel  Individual       Manual  Second Owner    21.80  1461.0       78.0    5.0
1  2015         320000      91000  Diesel  Individual       Manual   Third Owner    24.40  1120.0       71.0    5.0
2  2019         760000       3000  Petrol  Individual       Manual   First Owner    21.01  1197.0       81.8    5.0
3  2018         790000      15000  Petrol  Individual       Manual   First Owner    17.00  1198.0      108.5    5.0
4  2013         450000      52000  Diesel  Individual       Manual   First Owner    17.21  1493.0      100.0    7.0
[ 2023-11-26 19:24:37,352 ] 79 root - INFO - Test Dataframe Head  : 
   year  selling_price  km_driven    fuel seller_type transmission        owner  mileage  engine  max_power  seats
0  2018        1250000      12000  Diesel  Individual       Manual  First Owner    19.60  1461.0     108.45    5.0
1  2016         550000      70000  Diesel  Individual       Manual  First Owner    15.96  2523.0      63.00    9.0
2  2017         380000      80000  Diesel  Individual       Manual  First Owner    25.32  1198.0      77.00    6.0
3  2007         100000     120000  Diesel  Individual       Manual  Third Owner    14.60  2956.0      63.00   10.0
4  2015         450000      80000  Diesel  Individual       Manual  First Owner    23.59  1364.0      67.04    5.0
[ 2023-11-26 19:24:37,352 ] 81 root - INFO - Obtaining preprocessing object
[ 2023-11-26 19:24:37,352 ] 26 root - INFO - Data Transformation initiated
[ 2023-11-26 19:24:37,352 ] 36 root - INFO - Pipeline Initiated
[ 2023-11-26 19:24:37,352 ] 119 root - INFO - Exception occured in the initiate_datatransformation
