[ 2023-11-19 20:40:03,187 ] 22 root - INFO - data ingestion methods starts
[ 2023-11-19 20:40:03,242 ] 25 root - INFO - Dataset read as pandas Dataframe
[ 2023-11-19 20:40:03,334 ] 37 root - INFO - EDA Completed performing ingestion
[ 2023-11-19 20:40:03,459 ] 41 root - INFO - Train test split
[ 2023-11-19 20:40:03,571 ] 48 root - INFO - Ingestion of data completed
[ 2023-11-19 20:40:03,614 ] 77 root - INFO - Read train and test data completed
[ 2023-11-19 20:40:03,622 ] 78 root - INFO - Train Dataframe Head : 
   year  selling_price  km_driven    fuel seller_type transmission         owner  mileage  engine  max_power  seats
0  2011         325000      70000  Diesel  Individual       Manual   First Owner    22.90  1248.0       74.0    5.0
1  2008         190000     180000  Diesel  Individual       Manual  Second Owner    17.80  1399.0       67.0    5.0
2  2012         245000     100000  Diesel      Dealer       Manual   First Owner    23.08  1461.0       63.1    5.0
3  2009          85000      80000  Diesel  Individual       Manual  Second Owner    17.00  1405.0       70.0    5.0
4  2020        1900000       5000  Diesel      Dealer    Automatic   First Owner    17.80  1493.0      113.4    5.0
[ 2023-11-19 20:40:03,657 ] 79 root - INFO - Test Dataframe Head  : 
   year  selling_price  km_driven    fuel seller_type transmission        owner  mileage  engine  max_power  seats
0  2018         600000      69779  Petrol      Dealer    Automatic  First Owner    22.00  1197.0     81.800    5.0
1  2017         625000      34000  Diesel  Individual    Automatic  First Owner    22.00  1498.0    108.495    5.0
2  2018         950000      48500  Diesel      Dealer       Manual  First Owner    25.47  1248.0     88.500    7.0
3  2018         490000      25000  Petrol  Individual       Manual  First Owner    23.84  1199.0     84.000    5.0
4  2016         750000     100000  Diesel  Individual       Manual  First Owner    20.80  1461.0     64.100    5.0
[ 2023-11-19 20:40:03,657 ] 81 root - INFO - Obtaining preprocessing object
[ 2023-11-19 20:40:03,657 ] 26 root - INFO - Data Transformation initiated
[ 2023-11-19 20:40:03,657 ] 36 root - INFO - Pipeline Initiated
[ 2023-11-19 20:40:03,658 ] 119 root - INFO - Exception occured in the initiate_datatransformation
