[ 2023-11-26 19:40:32,574 ] 22 root - INFO - data ingestion methods starts
[ 2023-11-26 19:40:32,605 ] 25 root - INFO - Dataset read as pandas Dataframe
[ 2023-11-26 19:40:32,699 ] 37 root - INFO - EDA Completed performing ingestion
[ 2023-11-26 19:40:32,796 ] 41 root - INFO - Train test split
[ 2023-11-26 19:40:32,881 ] 48 root - INFO - Ingestion of data completed
[ 2023-11-26 19:40:32,964 ] 77 root - INFO - Read train and test data completed
[ 2023-11-26 19:40:32,979 ] 78 root - INFO - Train Dataframe Head : 
   year  selling_price  km_driven    fuel seller_type transmission         owner  mileage  engine  max_power  seats
0  2014         490000      50000  Diesel  Individual       Manual   First Owner    23.40  1248.0       74.0    5.0
1  2011         229999      18500  Petrol  Individual       Manual   First Owner    18.50  1197.0       85.8    5.0
2  2010         180000      80000  Diesel  Individual       Manual   First Owner    21.12  1248.0       88.8    5.0
3  2015         630000     135000  Diesel  Individual       Manual   First Owner    25.10  1498.0       98.6    5.0
4  2013         370000      90000  Diesel  Individual       Manual  Second Owner    22.90  1248.0       74.0    5.0
[ 2023-11-26 19:40:32,979 ] 79 root - INFO - Test Dataframe Head  : 
   year  selling_price  km_driven    fuel seller_type transmission        owner  mileage  engine  max_power  seats
0  2010         600000     100875  Diesel  Individual    Automatic  First Owner    11.79  2179.0      120.0    8.0
1  2017        4100000      17000  Petrol  Individual    Automatic  First Owner     9.50  3604.0      280.0    5.0
2  2015        1225000      39000  Diesel      Dealer       Manual  First Owner    16.00  2179.0      140.0    7.0
3  2015         325000      50000  Petrol  Individual    Automatic  First Owner    19.34  1198.0       76.0    5.0
4  2017        4100000      17000  Petrol  Individual    Automatic  First Owner     9.50  3604.0      280.0    5.0
[ 2023-11-26 19:40:32,979 ] 81 root - INFO - Obtaining preprocessing object
[ 2023-11-26 19:40:32,979 ] 26 root - INFO - Data Transformation initiated
[ 2023-11-26 19:40:32,979 ] 36 root - INFO - Pipeline Initiated
[ 2023-11-26 19:40:32,979 ] 119 root - INFO - Exception occured in the initiate_datatransformation
